<?xml version="1.0" encoding="UTF-8"?>
<testsuite xmlns:xsi="http://www.w3.org/2001/XMLSchema-instance" xsi:noNamespaceSchemaLocation="https://maven.apache.org/surefire/maven-surefire-plugin/xsd/surefire-test-report.xsd" name="ec.gob.dinardap.remanente.AppTest" time="0.079" tests="1" errors="0" skipped="0" failures="0">
  <properties>
    <property name="sun.desktop" value="windows"/>
    <property name="awt.toolkit" value="sun.awt.windows.WToolkit"/>
    <property name="file.encoding.pkg" value="sun.io"/>
    <property name="java.specification.version" value="1.8"/>
    <property name="sun.cpu.isalist" value="amd64"/>
    <property name="sun.jnu.encoding" value="Cp1252"/>
    <property name="java.class.path" value="C:\Users\christian.gaona\Documents\DINARDAP 2019\Remanentes V1.0\ProyectoRemanentes Aplicativo\Version GIT 1.1\remanente\dinardap-remanente-web\target\test-classes;C:\Users\christian.gaona\Documents\DINARDAP 2019\Remanentes V1.0\ProyectoRemanentes Aplicativo\Version GIT 1.1\remanente\dinardap-remanente-web\target\classes;C:\Users\christian.gaona\repositorio\javax\javaee-web-api\8.0\javaee-web-api-8.0.jar;C:\Users\christian.gaona\repositorio\javax\javaee-api\8.0\javaee-api-8.0.jar;C:\Users\christian.gaona\repositorio\com\sun\mail\javax.mail\1.6.0\javax.mail-1.6.0.jar;C:\Users\christian.gaona\repositorio\javax\activation\activation\1.1\activation-1.1.jar;C:\Users\christian.gaona\repositorio\javax\enterprise\cdi-api\2.0.SP1\cdi-api-2.0.SP1.jar;C:\Users\christian.gaona\repositorio\javax\el\javax.el-api\3.0.0\javax.el-api-3.0.0.jar;C:\Users\christian.gaona\repositorio\javax\interceptor\javax.interceptor-api\1.2\javax.interceptor-api-1.2.jar;C:\Users\christian.gaona\repositorio\javax\inject\javax.inject\1\javax.inject-1.jar;C:\Users\christian.gaona\repositorio\javax\faces\javax.faces-api\2.3\javax.faces-api-2.3.jar;C:\Users\christian.gaona\repositorio\commons-fileupload\commons-fileupload\1.4\commons-fileupload-1.4.jar;C:\Users\christian.gaona\repositorio\commons-io\commons-io\2.2\commons-io-2.2.jar;C:\Users\christian.gaona\repositorio\org\webjars\font-awesome\5.1.0\font-awesome-5.1.0.jar;C:\Users\christian.gaona\repositorio\net\bootsfaces\bootsfaces\1.4.1\bootsfaces-1.4.1.jar;C:\Users\christian.gaona\repositorio\org\primefaces\primefaces\6.2\primefaces-6.2.jar;C:\Users\christian.gaona\repositorio\org\primefaces\themes\humanity\1.0.10\humanity-1.0.10.jar;C:\Users\christian.gaona\repositorio\org\apache\poi\poi\4.0.1\poi-4.0.1.jar;C:\Users\christian.gaona\repositorio\commons-codec\commons-codec\1.11\commons-codec-1.11.jar;C:\Users\christian.gaona\repositorio\org\apache\commons\commons-collections4\4.2\commons-collections4-4.2.jar;C:\Users\christian.gaona\repositorio\org\apache\commons\commons-math3\3.6.1\commons-math3-3.6.1.jar;C:\Users\christian.gaona\repositorio\org\apache\poi\poi-ooxml\4.0.1\poi-ooxml-4.0.1.jar;C:\Users\christian.gaona\repositorio\org\apache\poi\poi-ooxml-schemas\4.0.1\poi-ooxml-schemas-4.0.1.jar;C:\Users\christian.gaona\repositorio\org\apache\xmlbeans\xmlbeans\3.0.2\xmlbeans-3.0.2.jar;C:\Users\christian.gaona\repositorio\org\apache\commons\commons-compress\1.18\commons-compress-1.18.jar;C:\Users\christian.gaona\repositorio\com\github\virtuald\curvesapi\1.05\curvesapi-1.05.jar;C:\Users\christian.gaona\repositorio\com\lowagie\itext\2.1.7\itext-2.1.7.jar;C:\Users\christian.gaona\repositorio\bouncycastle\bcmail-jdk14\138\bcmail-jdk14-138.jar;C:\Users\christian.gaona\repositorio\bouncycastle\bcprov-jdk14\138\bcprov-jdk14-138.jar;C:\Users\christian.gaona\repositorio\org\bouncycastle\bctsp-jdk14\1.38\bctsp-jdk14-1.38.jar;C:\Users\christian.gaona\repositorio\org\bouncycastle\bcprov-jdk14\1.38\bcprov-jdk14-1.38.jar;C:\Users\christian.gaona\repositorio\org\bouncycastle\bcmail-jdk14\1.38\bcmail-jdk14-1.38.jar;C:\Users\christian.gaona\repositorio\junit\junit\4.11\junit-4.11.jar;C:\Users\christian.gaona\repositorio\org\hamcrest\hamcrest-core\1.3\hamcrest-core-1.3.jar;C:\Users\christian.gaona\repositorio\ec\gob\dinardap\seguridad\dinardap-seguridad-ejb\1.0-SNAPSHOT\dinardap-seguridad-ejb-1.0-SNAPSHOT.jar;C:\Users\christian.gaona\repositorio\ec\gob\dinardap\util\dinardap-util\1.0-SNAPSHOT\dinardap-util-1.0-SNAPSHOT.jar;C:\Users\christian.gaona\repositorio\org\slf4j\slf4j-api\1.7.25\slf4j-api-1.7.25.jar;C:\Users\christian.gaona\repositorio\org\apache\commons\commons-lang3\3.8.1\commons-lang3-3.8.1.jar;C:\Users\christian.gaona\repositorio\org\springframework\spring-core\5.1.4.RELEASE\spring-core-5.1.4.RELEASE.jar;C:\Users\christian.gaona\repositorio\org\springframework\spring-jcl\5.1.4.RELEASE\spring-jcl-5.1.4.RELEASE.jar;C:\Users\christian.gaona\repositorio\org\springframework\spring-beans\5.1.4.RELEASE\spring-beans-5.1.4.RELEASE.jar;C:\Users\christian.gaona\repositorio\org\springframework\spring-orm\5.1.4.RELEASE\spring-orm-5.1.4.RELEASE.jar;C:\Users\christian.gaona\repositorio\org\springframework\spring-jdbc\5.1.4.RELEASE\spring-jdbc-5.1.4.RELEASE.jar;C:\Users\christian.gaona\repositorio\org\springframework\spring-tx\5.1.4.RELEASE\spring-tx-5.1.4.RELEASE.jar;C:\Users\christian.gaona\repositorio\org\springframework\org.springframework.transaction\3.1.0.M1\org.springframework.transaction-3.1.0.M1.jar;C:\Users\christian.gaona\repositorio\ec\gob\dinardap\autorizacion\dinardap-autorizacion\1.0-SNAPSHOT\dinardap-autorizacion-1.0-SNAPSHOT.jar;C:\Users\christian.gaona\repositorio\com\google\code\gson\gson\2.8.5\gson-2.8.5.jar;C:\Users\christian.gaona\Documents\DINARDAP 2019\Remanentes V1.0\ProyectoRemanentes Aplicativo\Version GIT 1.1\remanente\dinardap-remanente-ejb\target\dinardap-remanente-ejb-1.0-SNAPSHOT.jar;"/>
    <property name="java.vm.vendor" value="Oracle Corporation"/>
    <property name="sun.arch.data.model" value="64"/>
    <property name="user.variant" value=""/>
    <property name="java.vendor.url" value="http://java.oracle.com/"/>
    <property name="user.timezone" value="America/Bogota"/>
    <property name="java.vm.specification.version" value="1.8"/>
    <property name="os.name" value="Windows 10"/>
    <property name="sun.java.launcher" value="SUN_STANDARD"/>
    <property name="user.country" value="EC"/>
    <property name="sun.boot.library.path" value="C:\Program Files\Java\jdk1.8.0_201\jre\bin"/>
    <property name="sun.java.command" value="C:\Users\CHRIST~1.GAO\AppData\Local\Temp\surefire344228577758772438\surefirebooter3949958348824712258.jar C:\Users\christian.gaona\AppData\Local\Temp\surefire344228577758772438 2019-08-14T16-39-27_690-jvmRun1 surefire4506287701495177709tmp surefire_02810044108076601700tmp"/>
    <property name="surefire.test.class.path" value="C:\Users\christian.gaona\Documents\DINARDAP 2019\Remanentes V1.0\ProyectoRemanentes Aplicativo\Version GIT 1.1\remanente\dinardap-remanente-web\target\test-classes;C:\Users\christian.gaona\Documents\DINARDAP 2019\Remanentes V1.0\ProyectoRemanentes Aplicativo\Version GIT 1.1\remanente\dinardap-remanente-web\target\classes;C:\Users\christian.gaona\repositorio\javax\javaee-web-api\8.0\javaee-web-api-8.0.jar;C:\Users\christian.gaona\repositorio\javax\javaee-api\8.0\javaee-api-8.0.jar;C:\Users\christian.gaona\repositorio\com\sun\mail\javax.mail\1.6.0\javax.mail-1.6.0.jar;C:\Users\christian.gaona\repositorio\javax\activation\activation\1.1\activation-1.1.jar;C:\Users\christian.gaona\repositorio\javax\enterprise\cdi-api\2.0.SP1\cdi-api-2.0.SP1.jar;C:\Users\christian.gaona\repositorio\javax\el\javax.el-api\3.0.0\javax.el-api-3.0.0.jar;C:\Users\christian.gaona\repositorio\javax\interceptor\javax.interceptor-api\1.2\javax.interceptor-api-1.2.jar;C:\Users\christian.gaona\repositorio\javax\inject\javax.inject\1\javax.inject-1.jar;C:\Users\christian.gaona\repositorio\javax\faces\javax.faces-api\2.3\javax.faces-api-2.3.jar;C:\Users\christian.gaona\repositorio\commons-fileupload\commons-fileupload\1.4\commons-fileupload-1.4.jar;C:\Users\christian.gaona\repositorio\commons-io\commons-io\2.2\commons-io-2.2.jar;C:\Users\christian.gaona\repositorio\org\webjars\font-awesome\5.1.0\font-awesome-5.1.0.jar;C:\Users\christian.gaona\repositorio\net\bootsfaces\bootsfaces\1.4.1\bootsfaces-1.4.1.jar;C:\Users\christian.gaona\repositorio\org\primefaces\primefaces\6.2\primefaces-6.2.jar;C:\Users\christian.gaona\repositorio\org\primefaces\themes\humanity\1.0.10\humanity-1.0.10.jar;C:\Users\christian.gaona\repositorio\org\apache\poi\poi\4.0.1\poi-4.0.1.jar;C:\Users\christian.gaona\repositorio\commons-codec\commons-codec\1.11\commons-codec-1.11.jar;C:\Users\christian.gaona\repositorio\org\apache\commons\commons-collections4\4.2\commons-collections4-4.2.jar;C:\Users\christian.gaona\repositorio\org\apache\commons\commons-math3\3.6.1\commons-math3-3.6.1.jar;C:\Users\christian.gaona\repositorio\org\apache\poi\poi-ooxml\4.0.1\poi-ooxml-4.0.1.jar;C:\Users\christian.gaona\repositorio\org\apache\poi\poi-ooxml-schemas\4.0.1\poi-ooxml-schemas-4.0.1.jar;C:\Users\christian.gaona\repositorio\org\apache\xmlbeans\xmlbeans\3.0.2\xmlbeans-3.0.2.jar;C:\Users\christian.gaona\repositorio\org\apache\commons\commons-compress\1.18\commons-compress-1.18.jar;C:\Users\christian.gaona\repositorio\com\github\virtuald\curvesapi\1.05\curvesapi-1.05.jar;C:\Users\christian.gaona\repositorio\com\lowagie\itext\2.1.7\itext-2.1.7.jar;C:\Users\christian.gaona\repositorio\bouncycastle\bcmail-jdk14\138\bcmail-jdk14-138.jar;C:\Users\christian.gaona\repositorio\bouncycastle\bcprov-jdk14\138\bcprov-jdk14-138.jar;C:\Users\christian.gaona\repositorio\org\bouncycastle\bctsp-jdk14\1.38\bctsp-jdk14-1.38.jar;C:\Users\christian.gaona\repositorio\org\bouncycastle\bcprov-jdk14\1.38\bcprov-jdk14-1.38.jar;C:\Users\christian.gaona\repositorio\org\bouncycastle\bcmail-jdk14\1.38\bcmail-jdk14-1.38.jar;C:\Users\christian.gaona\repositorio\junit\junit\4.11\junit-4.11.jar;C:\Users\christian.gaona\repositorio\org\hamcrest\hamcrest-core\1.3\hamcrest-core-1.3.jar;C:\Users\christian.gaona\repositorio\ec\gob\dinardap\seguridad\dinardap-seguridad-ejb\1.0-SNAPSHOT\dinardap-seguridad-ejb-1.0-SNAPSHOT.jar;C:\Users\christian.gaona\repositorio\ec\gob\dinardap\util\dinardap-util\1.0-SNAPSHOT\dinardap-util-1.0-SNAPSHOT.jar;C:\Users\christian.gaona\repositorio\org\slf4j\slf4j-api\1.7.25\slf4j-api-1.7.25.jar;C:\Users\christian.gaona\repositorio\org\apache\commons\commons-lang3\3.8.1\commons-lang3-3.8.1.jar;C:\Users\christian.gaona\repositorio\org\springframework\spring-core\5.1.4.RELEASE\spring-core-5.1.4.RELEASE.jar;C:\Users\christian.gaona\repositorio\org\springframework\spring-jcl\5.1.4.RELEASE\spring-jcl-5.1.4.RELEASE.jar;C:\Users\christian.gaona\repositorio\org\springframework\spring-beans\5.1.4.RELEASE\spring-beans-5.1.4.RELEASE.jar;C:\Users\christian.gaona\repositorio\org\springframework\spring-orm\5.1.4.RELEASE\spring-orm-5.1.4.RELEASE.jar;C:\Users\christian.gaona\repositorio\org\springframework\spring-jdbc\5.1.4.RELEASE\spring-jdbc-5.1.4.RELEASE.jar;C:\Users\christian.gaona\repositorio\org\springframework\spring-tx\5.1.4.RELEASE\spring-tx-5.1.4.RELEASE.jar;C:\Users\christian.gaona\repositorio\org\springframework\org.springframework.transaction\3.1.0.M1\org.springframework.transaction-3.1.0.M1.jar;C:\Users\christian.gaona\repositorio\ec\gob\dinardap\autorizacion\dinardap-autorizacion\1.0-SNAPSHOT\dinardap-autorizacion-1.0-SNAPSHOT.jar;C:\Users\christian.gaona\repositorio\com\google\code\gson\gson\2.8.5\gson-2.8.5.jar;C:\Users\christian.gaona\Documents\DINARDAP 2019\Remanentes V1.0\ProyectoRemanentes Aplicativo\Version GIT 1.1\remanente\dinardap-remanente-ejb\target\dinardap-remanente-ejb-1.0-SNAPSHOT.jar;"/>
    <property name="sun.cpu.endian" value="little"/>
    <property name="user.home" value="C:\Users\christian.gaona"/>
    <property name="user.language" value="es"/>
    <property name="java.specification.vendor" value="Oracle Corporation"/>
    <property name="java.home" value="C:\Program Files\Java\jdk1.8.0_201\jre"/>
    <property name="basedir" value="C:\Users\christian.gaona\Documents\DINARDAP 2019\Remanentes V1.0\ProyectoRemanentes Aplicativo\Version GIT 1.1\remanente\dinardap-remanente-web"/>
    <property name="file.separator" value="\"/>
    <property name="line.separator" value="&#10;"/>
    <property name="java.vm.specification.vendor" value="Oracle Corporation"/>
    <property name="java.specification.name" value="Java Platform API Specification"/>
    <property name="java.awt.graphicsenv" value="sun.awt.Win32GraphicsEnvironment"/>
    <property name="surefire.real.class.path" value="C:\Users\CHRIST~1.GAO\AppData\Local\Temp\surefire344228577758772438\surefirebooter3949958348824712258.jar"/>
    <property name="sun.boot.class.path" value="C:\Program Files\Java\jdk1.8.0_201\jre\lib\resources.jar;C:\Program Files\Java\jdk1.8.0_201\jre\lib\rt.jar;C:\Program Files\Java\jdk1.8.0_201\jre\lib\sunrsasign.jar;C:\Program Files\Java\jdk1.8.0_201\jre\lib\jsse.jar;C:\Program Files\Java\jdk1.8.0_201\jre\lib\jce.jar;C:\Program Files\Java\jdk1.8.0_201\jre\lib\charsets.jar;C:\Program Files\Java\jdk1.8.0_201\jre\lib\jfr.jar;C:\Program Files\Java\jdk1.8.0_201\jre\classes"/>
    <property name="user.script" value=""/>
    <property name="sun.management.compiler" value="HotSpot 64-Bit Tiered Compilers"/>
    <property name="java.runtime.version" value="1.8.0_201-b09"/>
    <property name="user.name" value="christian.gaona"/>
    <property name="path.separator" value=";"/>
    <property name="os.version" value="10.0"/>
    <property name="java.endorsed.dirs" value="C:\Program Files\Java\jdk1.8.0_201\jre\lib\endorsed"/>
    <property name="java.runtime.name" value="Java(TM) SE Runtime Environment"/>
    <property name="file.encoding" value="UTF-8"/>
    <property name="java.vm.name" value="Java HotSpot(TM) 64-Bit Server VM"/>
    <property name="maven.ext.class.path" value="C:\Program Files\NetBeans 8.2\java\maven-nblib\netbeans-eventspy.jar"/>
    <property name="localRepository" value="C:\Users\christian.gaona\repositorio"/>
    <property name="java.vendor.url.bug" value="http://bugreport.sun.com/bugreport/"/>
    <property name="java.io.tmpdir" value="C:\Users\CHRIST~1.GAO\AppData\Local\Temp\"/>
    <property name="java.version" value="1.8.0_201"/>
    <property name="user.dir" value="C:\Users\christian.gaona\Documents\DINARDAP 2019\Remanentes V1.0\ProyectoRemanentes Aplicativo\Version GIT 1.1\remanente\dinardap-remanente-web"/>
    <property name="os.arch" value="amd64"/>
    <property name="java.vm.specification.name" value="Java Virtual Machine Specification"/>
    <property name="java.awt.printerjob" value="sun.awt.windows.WPrinterJob"/>
    <property name="sun.os.patch.level" value=""/>
    <property name="java.library.path" value="C:\Program Files\Java\jdk1.8.0_201\jre\bin;C:\Windows\Sun\Java\bin;C:\Windows\system32;C:\Windows;C:\Program Files (x86)\Common Files\Oracle\Java\javapath;C:\Windows\system32;C:\Windows;C:\Windows\System32\Wbem;C:\Windows\System32\WindowsPowerShell\v1.0\;C:\Windows\System32\OpenSSH\;C:\Program Files\WIDCOMM\Bluetooth Software\;C:\Program Files\WIDCOMM\Bluetooth Software\syswow64;C:\Program Files\Git\cmd;C:\Users\christian.gaona\AppData\Local\Microsoft\WindowsApps;;C:\Users\christian.gaona\AppData\Local\Programs\Microsoft VS Code\bin;."/>
    <property name="java.vm.info" value="mixed mode"/>
    <property name="java.vendor" value="Oracle Corporation"/>
    <property name="java.vm.version" value="25.201-b09"/>
    <property name="java.ext.dirs" value="C:\Program Files\Java\jdk1.8.0_201\jre\lib\ext;C:\Windows\Sun\Java\lib\ext"/>
    <property name="sun.io.unicode.encoding" value="UnicodeLittle"/>
    <property name="java.class.version" value="52.0"/>
  </properties>
  <testcase name="shouldAnswerWithTrue" classname="ec.gob.dinardap.remanente.AppTest" time="0.004"/>
</testsuite>